{"/Users/andrejtrohan/bmstu/7sem/web/frontend/src/services/authService.ts": {"path":"/Users/andrejtrohan/bmstu/7sem/web/frontend/src/services/authService.ts","statementMap":{"0":{"start":{"line":6,"column":21},"end":{"line":6,"column":null}},"1":{"start":{"line":8,"column":4},"end":{"line":10,"column":null}},"2":{"start":{"line":9,"column":6},"end":{"line":9,"column":null}},"3":{"start":{"line":12,"column":4},"end":{"line":12,"column":null}},"4":{"start":{"line":16,"column":21},"end":{"line":16,"column":null}},"5":{"start":{"line":18,"column":4},"end":{"line":20,"column":null}},"6":{"start":{"line":19,"column":6},"end":{"line":19,"column":null}},"7":{"start":{"line":22,"column":4},"end":{"line":22,"column":null}},"8":{"start":{"line":26,"column":4},"end":{"line":26,"column":null}},"9":{"start":{"line":30,"column":4},"end":{"line":30,"column":null}},"10":{"start":{"line":34,"column":4},"end":{"line":34,"column":null}},"11":{"start":{"line":38,"column":4},"end":{"line":38,"column":null}},"12":{"start":{"line":42,"column":18},"end":{"line":42,"column":null}},"13":{"start":{"line":43,"column":4},"end":{"line":43,"column":null}},"14":{"start":{"line":43,"column":16},"end":{"line":43,"column":null}},"15":{"start":{"line":45,"column":4},"end":{"line":90,"column":null}},"16":{"start":{"line":46,"column":28},"end":{"line":46,"column":null}},"17":{"start":{"line":47,"column":21},"end":{"line":47,"column":null}},"18":{"start":{"line":48,"column":27},"end":{"line":48,"column":null}},"19":{"start":{"line":50,"column":26},"end":{"line":50,"column":null}},"20":{"start":{"line":51,"column":22},"end":{"line":51,"column":null}},"21":{"start":{"line":53,"column":6},"end":{"line":53,"column":null}},"22":{"start":{"line":55,"column":33},"end":{"line":73,"column":null}},"23":{"start":{"line":56,"column":8},"end":{"line":56,"column":null}},"24":{"start":{"line":56,"column":19},"end":{"line":56,"column":null}},"25":{"start":{"line":58,"column":8},"end":{"line":70,"column":null}},"26":{"start":{"line":59,"column":10},"end":{"line":69,"column":null}},"27":{"start":{"line":60,"column":30},"end":{"line":60,"column":null}},"28":{"start":{"line":61,"column":12},"end":{"line":63,"column":null}},"29":{"start":{"line":61,"column":25},"end":{"line":61,"column":28}},"30":{"start":{"line":62,"column":14},"end":{"line":62,"column":null}},"31":{"start":{"line":64,"column":28},"end":{"line":64,"column":null}},"32":{"start":{"line":65,"column":12},"end":{"line":65,"column":null}},"33":{"start":{"line":67,"column":12},"end":{"line":67,"column":null}},"34":{"start":{"line":68,"column":12},"end":{"line":68,"column":null}},"35":{"start":{"line":72,"column":8},"end":{"line":72,"column":null}},"36":{"start":{"line":75,"column":24},"end":{"line":82,"column":null}},"37":{"start":{"line":84,"column":6},"end":{"line":84,"column":null}},"38":{"start":{"line":86,"column":6},"end":{"line":86,"column":null}},"39":{"start":{"line":88,"column":6},"end":{"line":88,"column":null}},"40":{"start":{"line":89,"column":6},"end":{"line":89,"column":null}},"41":{"start":{"line":94,"column":27},"end":{"line":94,"column":null}}},"fnMap":{"0":{"name":"(anonymous_0)","decl":{"start":{"line":5,"column":8},"end":{"line":5,"column":17}},"loc":{"start":{"line":5,"column":67},"end":{"line":13,"column":null}},"line":5},"1":{"name":"(anonymous_1)","decl":{"start":{"line":15,"column":8},"end":{"line":15,"column":14}},"loc":{"start":{"line":15,"column":64},"end":{"line":23,"column":null}},"line":15},"2":{"name":"(anonymous_2)","decl":{"start":{"line":25,"column":8},"end":{"line":25,"column":17}},"loc":{"start":{"line":25,"column":60},"end":{"line":27,"column":null}},"line":25},"3":{"name":"(anonymous_3)","decl":{"start":{"line":29,"column":2},"end":{"line":29,"column":17}},"loc":{"start":{"line":29,"column":17},"end":{"line":31,"column":null}},"line":29},"4":{"name":"(anonymous_4)","decl":{"start":{"line":33,"column":2},"end":{"line":33,"column":28}},"loc":{"start":{"line":33,"column":28},"end":{"line":35,"column":null}},"line":33},"5":{"name":"(anonymous_5)","decl":{"start":{"line":37,"column":2},"end":{"line":37,"column":29}},"loc":{"start":{"line":37,"column":29},"end":{"line":39,"column":null}},"line":37},"6":{"name":"(anonymous_6)","decl":{"start":{"line":41,"column":2},"end":{"line":41,"column":41}},"loc":{"start":{"line":41,"column":41},"end":{"line":91,"column":null}},"line":41},"7":{"name":"(anonymous_7)","decl":{"start":{"line":55,"column":33},"end":{"line":55,"column":34}},"loc":{"start":{"line":55,"column":59},"end":{"line":73,"column":null}},"line":55}},"branchMap":{"0":{"loc":{"start":{"line":8,"column":4},"end":{"line":10,"column":null}},"type":"if","locations":[{"start":{"line":8,"column":4},"end":{"line":10,"column":null}},{"start":{},"end":{}}],"line":8},"1":{"loc":{"start":{"line":18,"column":4},"end":{"line":20,"column":null}},"type":"if","locations":[{"start":{"line":18,"column":4},"end":{"line":20,"column":null}},{"start":{},"end":{}}],"line":18},"2":{"loc":{"start":{"line":43,"column":4},"end":{"line":43,"column":null}},"type":"if","locations":[{"start":{"line":43,"column":4},"end":{"line":43,"column":null}},{"start":{},"end":{}}],"line":43},"3":{"loc":{"start":{"line":56,"column":8},"end":{"line":56,"column":null}},"type":"if","locations":[{"start":{"line":56,"column":8},"end":{"line":56,"column":null}},{"start":{},"end":{}}],"line":56},"4":{"loc":{"start":{"line":58,"column":8},"end":{"line":70,"column":null}},"type":"if","locations":[{"start":{"line":58,"column":8},"end":{"line":70,"column":null}},{"start":{},"end":{}}],"line":58},"5":{"loc":{"start":{"line":58,"column":12},"end":{"line":58,"column":54}},"type":"binary-expr","locations":[{"start":{"line":58,"column":12},"end":{"line":58,"column":34}},{"start":{"line":58,"column":34},"end":{"line":58,"column":54}}],"line":58}},"s":{"0":2,"1":1,"2":1,"3":1,"4":2,"5":1,"6":1,"7":1,"8":2,"9":1,"10":8,"11":2,"12":4,"13":4,"14":1,"15":3,"16":3,"17":3,"18":3,"19":3,"20":3,"21":3,"22":3,"23":1,"24":0,"25":1,"26":0,"27":0,"28":0,"29":0,"30":0,"31":0,"32":0,"33":0,"34":0,"35":1,"36":3,"37":3,"38":3,"39":2,"40":2,"41":1},"f":{"0":2,"1":2,"2":2,"3":1,"4":8,"5":2,"6":4,"7":1},"b":{"0":[1,0],"1":[1,0],"2":[1,3],"3":[0,1],"4":[0,1],"5":[1,1]},"meta":{"lastBranch":6,"lastFunction":8,"lastStatement":42,"seen":{"f:5:8:5:17":0,"s:6:21:6:Infinity":0,"b:8:4:10:Infinity:undefined:undefined:undefined:undefined":0,"s:8:4:10:Infinity":1,"s:9:6:9:Infinity":2,"s:12:4:12:Infinity":3,"f:15:8:15:14":1,"s:16:21:16:Infinity":4,"b:18:4:20:Infinity:undefined:undefined:undefined:undefined":1,"s:18:4:20:Infinity":5,"s:19:6:19:Infinity":6,"s:22:4:22:Infinity":7,"f:25:8:25:17":2,"s:26:4:26:Infinity":8,"f:29:2:29:17":3,"s:30:4:30:Infinity":9,"f:33:2:33:28":4,"s:34:4:34:Infinity":10,"f:37:2:37:29":5,"s:38:4:38:Infinity":11,"f:41:2:41:41":6,"s:42:18:42:Infinity":12,"b:43:4:43:Infinity:undefined:undefined:undefined:undefined":2,"s:43:4:43:Infinity":13,"s:43:16:43:Infinity":14,"s:45:4:90:Infinity":15,"s:46:28:46:Infinity":16,"s:47:21:47:Infinity":17,"s:48:27:48:Infinity":18,"s:50:26:50:Infinity":19,"s:51:22:51:Infinity":20,"s:53:6:53:Infinity":21,"s:55:33:73:Infinity":22,"f:55:33:55:34":7,"b:56:8:56:Infinity:undefined:undefined:undefined:undefined":3,"s:56:8:56:Infinity":23,"s:56:19:56:Infinity":24,"b:58:8:70:Infinity:undefined:undefined:undefined:undefined":4,"s:58:8:70:Infinity":25,"b:58:12:58:34:58:34:58:54":5,"s:59:10:69:Infinity":26,"s:60:30:60:Infinity":27,"s:61:12:63:Infinity":28,"s:61:25:61:28":29,"s:62:14:62:Infinity":30,"s:64:28:64:Infinity":31,"s:65:12:65:Infinity":32,"s:67:12:67:Infinity":33,"s:68:12:68:Infinity":34,"s:72:8:72:Infinity":35,"s:75:24:82:Infinity":36,"s:84:6:84:Infinity":37,"s:86:6:86:Infinity":38,"s:88:6:88:Infinity":39,"s:89:6:89:Infinity":40,"s:94:27:94:Infinity":41}}}
,"/Users/andrejtrohan/bmstu/7sem/web/frontend/src/services/checkpointService.ts": {"path":"/Users/andrejtrohan/bmstu/7sem/web/frontend/src/services/checkpointService.ts","statementMap":{"0":{"start":{"line":6,"column":21},"end":{"line":6,"column":null}},"1":{"start":{"line":7,"column":4},"end":{"line":7,"column":null}},"2":{"start":{"line":11,"column":21},"end":{"line":11,"column":null}},"3":{"start":{"line":12,"column":4},"end":{"line":12,"column":null}},"4":{"start":{"line":16,"column":33},"end":{"line":16,"column":null}}},"fnMap":{"0":{"name":"(anonymous_0)","decl":{"start":{"line":5,"column":8},"end":{"line":5,"column":23}},"loc":{"start":{"line":5,"column":89},"end":{"line":8,"column":null}},"line":5},"1":{"name":"(anonymous_1)","decl":{"start":{"line":10,"column":8},"end":{"line":10,"column":23}},"loc":{"start":{"line":10,"column":78},"end":{"line":13,"column":null}},"line":10}},"branchMap":{"0":{"loc":{"start":{"line":5,"column":23},"end":{"line":5,"column":41}},"type":"default-arg","locations":[{"start":{"line":5,"column":38},"end":{"line":5,"column":41}}],"line":5},"1":{"loc":{"start":{"line":5,"column":41},"end":{"line":5,"column":89}},"type":"default-arg","locations":[{"start":{"line":5,"column":57},"end":{"line":5,"column":89}}],"line":5}},"s":{"0":3,"1":2,"2":3,"3":2,"4":1},"f":{"0":3,"1":3},"b":{"0":[3],"1":[3]},"meta":{"lastBranch":2,"lastFunction":2,"lastStatement":5,"seen":{"f:5:8:5:23":0,"b:5:38:5:41":0,"b:5:57:5:89":1,"s:6:21:6:Infinity":0,"s:7:4:7:Infinity":1,"f:10:8:10:23":1,"s:11:21:11:Infinity":2,"s:12:4:12:Infinity":3,"s:16:33:16:Infinity":4}}}
,"/Users/andrejtrohan/bmstu/7sem/web/frontend/src/services/reservationService.ts": {"path":"/Users/andrejtrohan/bmstu/7sem/web/frontend/src/services/reservationService.ts","statementMap":{"0":{"start":{"line":10,"column":4},"end":{"line":10,"column":null}},"1":{"start":{"line":14,"column":21},"end":{"line":14,"column":null}},"2":{"start":{"line":15,"column":4},"end":{"line":15,"column":null}},"3":{"start":{"line":19,"column":4},"end":{"line":19,"column":null}},"4":{"start":{"line":23,"column":4},"end":{"line":23,"column":null}},"5":{"start":{"line":27,"column":34},"end":{"line":27,"column":null}}},"fnMap":{"0":{"name":"(anonymous_0)","decl":{"start":{"line":9,"column":8},"end":{"line":9,"column":23}},"loc":{"start":{"line":9,"column":78},"end":{"line":11,"column":null}},"line":9},"1":{"name":"(anonymous_1)","decl":{"start":{"line":13,"column":8},"end":{"line":13,"column":24}},"loc":{"start":{"line":13,"column":92},"end":{"line":16,"column":null}},"line":13},"2":{"name":"(anonymous_2)","decl":{"start":{"line":18,"column":8},"end":{"line":18,"column":26}},"loc":{"start":{"line":18,"column":64},"end":{"line":20,"column":null}},"line":18},"3":{"name":"(anonymous_3)","decl":{"start":{"line":22,"column":8},"end":{"line":22,"column":32}},"loc":{"start":{"line":22,"column":114},"end":{"line":24,"column":null}},"line":22}},"branchMap":{"0":{"loc":{"start":{"line":13,"column":24},"end":{"line":13,"column":42}},"type":"default-arg","locations":[{"start":{"line":13,"column":39},"end":{"line":13,"column":42}}],"line":13},"1":{"loc":{"start":{"line":13,"column":42},"end":{"line":13,"column":92}},"type":"default-arg","locations":[{"start":{"line":13,"column":58},"end":{"line":13,"column":92}}],"line":13}},"s":{"0":1,"1":1,"2":1,"3":1,"4":0,"5":1},"f":{"0":1,"1":1,"2":1,"3":0},"b":{"0":[1],"1":[1]},"meta":{"lastBranch":2,"lastFunction":4,"lastStatement":6,"seen":{"f:9:8:9:23":0,"s:10:4:10:Infinity":0,"f:13:8:13:24":1,"b:13:39:13:42":0,"b:13:58:13:92":1,"s:14:21:14:Infinity":1,"s:15:4:15:Infinity":2,"f:18:8:18:26":2,"s:19:4:19:Infinity":3,"f:22:8:22:32":3,"s:23:4:23:Infinity":4,"s:27:34:27:Infinity":5}}}
,"/Users/andrejtrohan/bmstu/7sem/web/frontend/src/services/slotService.ts": {"path":"/Users/andrejtrohan/bmstu/7sem/web/frontend/src/services/slotService.ts","statementMap":{"0":{"start":{"line":6,"column":21},"end":{"line":6,"column":null}},"1":{"start":{"line":7,"column":4},"end":{"line":7,"column":null}},"2":{"start":{"line":11,"column":21},"end":{"line":11,"column":null}},"3":{"start":{"line":12,"column":4},"end":{"line":12,"column":null}},"4":{"start":{"line":16,"column":27},"end":{"line":16,"column":null}}},"fnMap":{"0":{"name":"(anonymous_0)","decl":{"start":{"line":5,"column":8},"end":{"line":5,"column":16}},"loc":{"start":{"line":5,"column":68},"end":{"line":8,"column":null}},"line":5},"1":{"name":"(anonymous_1)","decl":{"start":{"line":10,"column":8},"end":{"line":10,"column":17}},"loc":{"start":{"line":10,"column":77},"end":{"line":13,"column":null}},"line":10}},"branchMap":{"0":{"loc":{"start":{"line":10,"column":17},"end":{"line":10,"column":35}},"type":"default-arg","locations":[{"start":{"line":10,"column":32},"end":{"line":10,"column":35}}],"line":10},"1":{"loc":{"start":{"line":10,"column":35},"end":{"line":10,"column":77}},"type":"default-arg","locations":[{"start":{"line":10,"column":51},"end":{"line":10,"column":77}}],"line":10}},"s":{"0":2,"1":1,"2":3,"3":2,"4":1},"f":{"0":2,"1":3},"b":{"0":[3],"1":[3]},"meta":{"lastBranch":2,"lastFunction":2,"lastStatement":5,"seen":{"f:5:8:5:16":0,"s:6:21:6:Infinity":0,"s:7:4:7:Infinity":1,"f:10:8:10:17":1,"b:10:32:10:35":0,"b:10:51:10:77":1,"s:11:21:11:Infinity":2,"s:12:4:12:Infinity":3,"s:16:27:16:Infinity":4}}}
,"/Users/andrejtrohan/bmstu/7sem/web/frontend/src/services/transportService.ts": {"path":"/Users/andrejtrohan/bmstu/7sem/web/frontend/src/services/transportService.ts","statementMap":{"0":{"start":{"line":6,"column":4},"end":{"line":6,"column":null}},"1":{"start":{"line":10,"column":21},"end":{"line":10,"column":null}},"2":{"start":{"line":11,"column":4},"end":{"line":11,"column":null}},"3":{"start":{"line":15,"column":4},"end":{"line":15,"column":null}},"4":{"start":{"line":19,"column":32},"end":{"line":19,"column":null}}},"fnMap":{"0":{"name":"(anonymous_0)","decl":{"start":{"line":5,"column":8},"end":{"line":5,"column":21}},"loc":{"start":{"line":5,"column":72},"end":{"line":7,"column":null}},"line":5},"1":{"name":"(anonymous_1)","decl":{"start":{"line":9,"column":8},"end":{"line":9,"column":22}},"loc":{"start":{"line":9,"column":87},"end":{"line":12,"column":null}},"line":9},"2":{"name":"(anonymous_2)","decl":{"start":{"line":14,"column":8},"end":{"line":14,"column":24}},"loc":{"start":{"line":14,"column":60},"end":{"line":16,"column":null}},"line":14}},"branchMap":{"0":{"loc":{"start":{"line":9,"column":22},"end":{"line":9,"column":40}},"type":"default-arg","locations":[{"start":{"line":9,"column":37},"end":{"line":9,"column":40}}],"line":9},"1":{"loc":{"start":{"line":9,"column":40},"end":{"line":9,"column":87}},"type":"default-arg","locations":[{"start":{"line":9,"column":56},"end":{"line":9,"column":87}}],"line":9}},"s":{"0":2,"1":2,"2":2,"3":1,"4":1},"f":{"0":2,"1":2,"2":1},"b":{"0":[2],"1":[2]},"meta":{"lastBranch":2,"lastFunction":3,"lastStatement":5,"seen":{"f:5:8:5:21":0,"s:6:4:6:Infinity":0,"f:9:8:9:22":1,"b:9:37:9:40":0,"b:9:56:9:87":1,"s:10:21:10:Infinity":1,"s:11:4:11:Infinity":2,"f:14:8:14:24":2,"s:15:4:15:Infinity":3,"s:19:32:19:Infinity":4}}}
}
